# JRE version: OpenJDK Runtime Environment Temurin-21.0.8+9 (21.0.8+9) (build 21.0.8+9-LTS)
# Java VM: OpenJDK 64-Bit Server VM Temurin-21.0.8+9 (21.0.8+9-LTS, mixed mode, emulated-client, sharing, tiered, compressed oops, compressed class ptrs, g1 gc, windows-amd64)
GC Precious Log:
 CardTable entry size: 512
 Card Set container configuration: InlinePtr #cards 4 size 8 Array Of Cards #cards 32 size 80 Howl #buckets 8 coarsen threshold 7372 Howl Bitmap #cards 1024 size 144 coarsen threshold 921 Card regions per heap region 1 cards per card region 8192
 CPUs: 20 total, 20 available
 Memory: 32468M
 Large Page Support: Disabled
 NUMA Support: Disabled
 Compressed Oops: Enabled (Zero based)
 Heap Region Size: 4M
 Heap Min Capacity: 8M
 Heap Initial Capacity: 508M
 Heap Max Capacity: 8120M
 Pre-touch: Disabled
 Parallel Workers: 15
 Concurrent Workers: 4
 Concurrent Refinement Workers: 15
 Periodic GC: Disabled
Heap:
 garbage-first heap   total 69632K, used 31783K [0x0000000604800000, 0x0000000800000000)
  region size 4096K, 4 young (16384K), 1 survivors (4096K)
 Metaspace       used 51325K, committed 52032K, reserved 1114112K
  class space    used 6955K, committed 7296K, reserved 1048576K
GC Heap History (20 events):
Event: 3621.897 GC heap before
{Heap before GC invocations=36 (full 8):
 garbage-first heap   total 69632K, used 39861K [0x0000000604800000, 0x0000000800000000)
  region size 4096K, 6 young (24576K), 1 survivors (4096K)
 Metaspace       used 50722K, committed 51392K, reserved 1114112K
  class space    used 6852K, committed 7168K, reserved 1048576K
}
Event: 3621.935 GC heap after
{Heap after GC invocations=37 (full 9):
 garbage-first heap   total 69632K, used 19900K [0x0000000604800000, 0x0000000800000000)
  region size 4096K, 0 young (0K), 0 survivors (0K)
 Metaspace       used 50605K, committed 51392K, reserved 1114112K
  class space    used 6821K, committed 7168K, reserved 1048576K
}
Event: 3622.175 GC heap before
{Heap before GC invocations=37 (full 9):
 garbage-first heap   total 69632K, used 56764K [0x0000000604800000, 0x0000000800000000)
  region size 4096K, 9 young (36864K), 0 survivors (0K)
 Metaspace       used 50730K, committed 51392K, reserved 1114112K
  class space    used 6847K, committed 7168K, reserved 1048576K
}
Event: 3622.176 GC heap after
{Heap after GC invocations=38 (full 9):
 garbage-first heap   total 69632K, used 23579K [0x0000000604800000, 0x0000000800000000)
  region size 4096K, 1 young (4096K), 1 survivors (4096K)
 Metaspace       used 50730K, committed 51392K, reserved 1114112K
  class space    used 6847K, committed 7168K, reserved 1048576K
}
Event: 3642.036 GC heap before
{Heap before GC invocations=38 (full 9):
 garbage-first heap   total 69632K, used 35867K [0x0000000604800000, 0x0000000800000000)
  region size 4096K, 6 young (24576K), 1 survivors (4096K)
 Metaspace       used 50763K, committed 51392K, reserved 1114112K
  class space    used 6853K, committed 7168K, reserved 1048576K
}
Event: 3642.072 GC heap after
{Heap after GC invocations=39 (full 10):
 garbage-first heap   total 69632K, used 19874K [0x0000000604800000, 0x0000000800000000)
  region size 4096K, 0 young (0K), 0 survivors (0K)
 Metaspace       used 50730K, committed 51392K, reserved 1114112K
  class space    used 6845K, committed 7168K, reserved 1048576K
}
Event: 3642.276 GC heap before
{Heap before GC invocations=39 (full 10):
 garbage-first heap   total 69632K, used 52642K [0x0000000604800000, 0x0000000800000000)
  region size 4096K, 9 young (36864K), 0 survivors (0K)
 Metaspace       used 50854K, committed 51456K, reserved 1114112K
  class space    used 6871K, committed 7168K, reserved 1048576K
}
Event: 3642.278 GC heap after
{Heap after GC invocations=40 (full 10):
 garbage-first heap   total 69632K, used 23419K [0x0000000604800000, 0x0000000800000000)
  region size 4096K, 1 young (4096K), 1 survivors (4096K)
 Metaspace       used 50854K, committed 51456K, reserved 1114112K
  class space    used 6871K, committed 7168K, reserved 1048576K
}
Event: 3667.179 GC heap before
{Heap before GC invocations=40 (full 10):
 garbage-first heap   total 69632K, used 39803K [0x0000000604800000, 0x0000000800000000)
  region size 4096K, 6 young (24576K), 1 survivors (4096K)
 Metaspace       used 50919K, committed 51584K, reserved 1114112K
  class space    used 6884K, committed 7232K, reserved 1048576K
}
Event: 3667.216 GC heap after
{Heap after GC invocations=41 (full 11):
 garbage-first heap   total 69632K, used 20005K [0x0000000604800000, 0x0000000800000000)
  region size 4096K, 0 young (0K), 0 survivors (0K)
 Metaspace       used 50912K, committed 51584K, reserved 1114112K
  class space    used 6883K, committed 7232K, reserved 1048576K
}
Event: 3667.419 GC heap before
{Heap before GC invocations=41 (full 11):
 garbage-first heap   total 69632K, used 52773K [0x0000000604800000, 0x0000000800000000)
  region size 4096K, 9 young (36864K), 0 survivors (0K)
 Metaspace       used 51028K, committed 51648K, reserved 1114112K
  class space    used 6904K, committed 7232K, reserved 1048576K
}
Event: 3667.421 GC heap after
{Heap after GC invocations=42 (full 11):
 garbage-first heap   total 69632K, used 23624K [0x0000000604800000, 0x0000000800000000)
  region size 4096K, 1 young (4096K), 1 survivors (4096K)
 Metaspace       used 51028K, committed 51648K, reserved 1114112K
  class space    used 6904K, committed 7232K, reserved 1048576K
}
Event: 3681.008 GC heap before
{Heap before GC invocations=42 (full 11):
 garbage-first heap   total 69632K, used 35912K [0x0000000604800000, 0x0000000800000000)
  region size 4096K, 5 young (20480K), 1 survivors (4096K)
 Metaspace       used 51060K, committed 51776K, reserved 1114112K
  class space    used 6906K, committed 7232K, reserved 1048576K
}
Event: 3681.043 GC heap after
{Heap after GC invocations=43 (full 12):
 garbage-first heap   total 69632K, used 20035K [0x0000000604800000, 0x0000000800000000)
  region size 4096K, 0 young (0K), 0 survivors (0K)
 Metaspace       used 51052K, committed 51776K, reserved 1114112K
  class space    used 6905K, committed 7232K, reserved 1048576K
}
Event: 3681.251 GC heap before
{Heap before GC invocations=43 (full 12):
 garbage-first heap   total 69632K, used 56899K [0x0000000604800000, 0x0000000800000000)
  region size 4096K, 9 young (36864K), 0 survivors (0K)
 Metaspace       used 51169K, committed 51904K, reserved 1114112K
  class space    used 6926K, committed 7296K, reserved 1048576K
}
Event: 3681.252 GC heap after
{Heap after GC invocations=44 (full 12):
 garbage-first heap   total 69632K, used 23661K [0x0000000604800000, 0x0000000800000000)
  region size 4096K, 1 young (4096K), 1 survivors (4096K)
 Metaspace       used 51169K, committed 51904K, reserved 1114112K
  class space    used 6926K, committed 7296K, reserved 1048576K
}
Event: 3716.002 GC heap before
{Heap before GC invocations=44 (full 12):
 garbage-first heap   total 69632K, used 40045K [0x0000000604800000, 0x0000000800000000)
  region size 4096K, 6 young (24576K), 1 survivors (4096K)
 Metaspace       used 51203K, committed 51904K, reserved 1114112K
  class space    used 6932K, committed 7296K, reserved 1048576K
}
Event: 3716.038 GC heap after
{Heap after GC invocations=45 (full 13):
 garbage-first heap   total 69632K, used 20119K [0x0000000604800000, 0x0000000800000000)
  region size 4096K, 0 young (0K), 0 survivors (0K)
 Metaspace       used 51197K, committed 51904K, reserved 1114112K
  class space    used 6931K, committed 7296K, reserved 1048576K
}
Event: 3716.213 GC heap before
{Heap before GC invocations=45 (full 13):
 garbage-first heap   total 69632K, used 48791K [0x0000000604800000, 0x0000000800000000)
  region size 4096K, 9 young (36864K), 0 survivors (0K)
 Metaspace       used 51257K, committed 51968K, reserved 1114112K
  class space    used 6946K, committed 7296K, reserved 1048576K
}
Event: 3716.215 GC heap after
{Heap after GC invocations=46 (full 13):
 garbage-first heap   total 69632K, used 23591K [0x0000000604800000, 0x0000000800000000)
  region size 4096K, 1 young (4096K), 1 survivors (4096K)
 Metaspace       used 51257K, committed 51968K, reserved 1114112K
  class space    used 6946K, committed 7296K, reserved 1048576K
}

